2017-01-31 18:58:14 DEBUG ConnectionPool:48 - Trying to initialized connection pool
2017-01-31 18:58:15 DEBUG ConnectionPool:58 - Connection pool is initialized
2017-01-31 18:58:53 DEBUG Controller:45 - Starting to execute command by.newnet.command.impl.ToIndexCommand@6a687709
2017-01-31 18:58:55 DEBUG Controller:45 - Starting to execute command by.newnet.command.impl.ChangeLocaleCommand@7f75bb1d
2017-01-31 18:58:55 DEBUG Controller:45 - Starting to execute command by.newnet.command.impl.ToIndexCommand@6a687709
2017-01-31 18:59:00 DEBUG Controller:45 - Starting to execute command by.newnet.command.impl.ChangeLocaleCommand@7f75bb1d
2017-01-31 18:59:00 DEBUG Controller:45 - Starting to execute command by.newnet.command.impl.ToIndexCommand@6a687709
2017-01-31 18:59:19 DEBUG Controller:45 - Starting to execute command by.newnet.command.impl.AuthenticationCommand@2f6cd043
2017-01-31 18:59:19 DEBUG Controller:45 - Starting to execute command by.newnet.command.impl.ShowAccountCommand@589eba2e
2017-01-31 18:59:26 DEBUG Controller:45 - Starting to execute command by.newnet.command.impl.ShowAllUsersCommand@63a7ec44
2017-01-31 19:00:01 DEBUG Controller:45 - Starting to execute command by.newnet.command.impl.ShowAllUsersCommand@63a7ec44
2017-01-31 19:00:04 DEBUG Controller:45 - Starting to execute command by.newnet.command.impl.ShowAllUsersCommand@63a7ec44
2017-01-31 19:00:10 DEBUG Controller:45 - Starting to execute command by.newnet.command.impl.ShowAllUsersCommand@63a7ec44
2017-01-31 19:01:48 DEBUG Controller:45 - Starting to execute command by.newnet.command.impl.ShowAllUsersCommand@63a7ec44
2017-01-31 19:03:14 DEBUG ConnectionPool:48 - Trying to initialized connection pool
2017-01-31 19:03:14 DEBUG ConnectionPool:58 - Connection pool is initialized
2017-01-31 19:03:23 DEBUG Controller:45 - Starting to execute command by.newnet.command.impl.ShowAccountCommand@442916e7
2017-01-31 19:03:25 DEBUG Controller:45 - Starting to execute command by.newnet.command.impl.ShowAccountCommand@442916e7
2017-01-31 19:03:27 DEBUG Controller:45 - Starting to execute command by.newnet.command.impl.ToIndexCommand@5886a097
2017-01-31 19:03:33 DEBUG Controller:45 - Starting to execute command by.newnet.command.impl.ShowAccountCommand@442916e7
2017-01-31 19:03:37 DEBUG Controller:45 - Starting to execute command by.newnet.command.impl.ShowAllUsersCommand@dc40951
2017-01-31 19:05:12 DEBUG Controller:45 - Starting to execute command by.newnet.command.impl.ShowAccountCommand@442916e7
2017-01-31 19:05:15 DEBUG Controller:45 - Starting to execute command by.newnet.command.impl.ShowAccountCommand@442916e7
2017-01-31 19:05:17 DEBUG Controller:45 - Starting to execute command by.newnet.command.impl.ShowAllUsersCommand@dc40951
2017-01-31 19:09:57 DEBUG Controller:45 - Starting to execute command by.newnet.command.impl.ChangeLocaleCommand@3696c6eb
2017-01-31 19:09:57 DEBUG Controller:45 - Starting to execute command by.newnet.command.impl.ShowAllUsersCommand@dc40951
2017-01-31 19:10:01 DEBUG Controller:45 - Starting to execute command by.newnet.command.impl.ShowAccountCommand@442916e7
2017-01-31 19:10:04 DEBUG Controller:45 - Starting to execute command by.newnet.command.impl.ShowAllUsersCommand@dc40951
2017-01-31 19:10:13 DEBUG Controller:45 - Starting to execute command by.newnet.command.impl.ShowAllUsersCommand@dc40951
2017-01-31 19:10:30 DEBUG ConnectionPool:48 - Trying to initialized connection pool
2017-01-31 19:10:30 DEBUG ConnectionPool:58 - Connection pool is initialized
2017-01-31 19:10:34 DEBUG Controller:45 - Starting to execute command by.newnet.command.impl.ShowAccountCommand@5f915243
2017-01-31 19:10:35 DEBUG Controller:45 - Starting to execute command by.newnet.command.impl.ShowAllUsersCommand@785eb924
2017-01-31 19:14:20 DEBUG ConnectionPool:48 - Trying to initialized connection pool
2017-01-31 19:14:21 DEBUG ConnectionPool:58 - Connection pool is initialized
2017-01-31 19:14:28 DEBUG Controller:45 - Starting to execute command by.newnet.command.impl.ShowAccountCommand@22315b7e
2017-01-31 19:14:29 DEBUG Controller:45 - Starting to execute command by.newnet.command.impl.ShowAllUsersCommand@34e52506
2017-01-31 19:16:45 DEBUG ConnectionPool:48 - Trying to initialized connection pool
2017-01-31 19:16:45 DEBUG ConnectionPool:58 - Connection pool is initialized
2017-01-31 19:16:49 DEBUG Controller:45 - Starting to execute command by.newnet.command.impl.ShowAccountCommand@1f424f16
2017-01-31 19:16:50 DEBUG Controller:45 - Starting to execute command by.newnet.command.impl.ShowAllUsersCommand@6d91c2a
2017-01-31 19:19:03 DEBUG Controller:45 - Starting to execute command by.newnet.command.impl.ShowAccountCommand@1f424f16
2017-01-31 19:19:04 DEBUG Controller:45 - Starting to execute command by.newnet.command.impl.ShowAccountCommand@1f424f16
2017-01-31 19:19:05 DEBUG Controller:45 - Starting to execute command by.newnet.command.impl.ShowAllUsersCommand@6d91c2a
2017-01-31 19:21:38 DEBUG ConnectionPool:48 - Trying to initialized connection pool
2017-01-31 19:21:38 DEBUG ConnectionPool:58 - Connection pool is initialized
2017-01-31 19:21:41 DEBUG ConnectionPool:48 - Trying to initialized connection pool
2017-01-31 19:21:41 DEBUG ConnectionPool:58 - Connection pool is initialized
2017-01-31 19:21:45 DEBUG Controller:45 - Starting to execute command by.newnet.command.impl.ShowAccountCommand@26f6fa6
2017-01-31 19:21:46 DEBUG Controller:45 - Starting to execute command by.newnet.command.impl.ShowAccountCommand@26f6fa6
2017-01-31 19:21:48 DEBUG Controller:45 - Starting to execute command by.newnet.command.impl.ShowAllUsersCommand@204610e0
2017-01-31 19:22:51 DEBUG Controller:45 - Starting to execute command by.newnet.command.impl.ShowAllUsersCommand@204610e0
2017-01-31 19:23:09 DEBUG Controller:45 - Starting to execute command by.newnet.command.impl.ShowAccountCommand@26f6fa6
2017-01-31 19:23:11 DEBUG Controller:45 - Starting to execute command by.newnet.command.impl.ShowAllUsersCommand@204610e0
2017-01-31 19:23:13 DEBUG Controller:45 - Starting to execute command by.newnet.command.impl.ShowAllUsersCommand@204610e0
2017-01-31 19:23:14 DEBUG Controller:45 - Starting to execute command by.newnet.command.impl.ShowAllUsersCommand@204610e0
2017-01-31 19:23:14 DEBUG Controller:45 - Starting to execute command by.newnet.command.impl.ShowAllUsersCommand@204610e0
2017-01-31 19:23:14 DEBUG Controller:45 - Starting to execute command by.newnet.command.impl.ShowAllUsersCommand@204610e0
2017-01-31 19:23:14 DEBUG Controller:45 - Starting to execute command by.newnet.command.impl.ShowAllUsersCommand@204610e0
2017-01-31 19:23:14 DEBUG Controller:45 - Starting to execute command by.newnet.command.impl.ShowAllUsersCommand@204610e0
2017-01-31 19:23:14 DEBUG Controller:45 - Starting to execute command by.newnet.command.impl.ShowAllUsersCommand@204610e0
2017-01-31 19:24:05 DEBUG Controller:45 - Starting to execute command by.newnet.command.impl.ShowAccountCommand@26f6fa6
2017-01-31 19:24:06 DEBUG Controller:45 - Starting to execute command by.newnet.command.impl.ShowAllUsersCommand@204610e0
2017-01-31 19:24:59 DEBUG Controller:45 - Starting to execute command by.newnet.command.impl.ShowUserCommand@33229400
2017-01-31 19:28:55 DEBUG ConnectionPool:48 - Trying to initialized connection pool
2017-01-31 19:28:56 DEBUG ConnectionPool:58 - Connection pool is initialized
2017-01-31 19:29:00 DEBUG Controller:45 - Starting to execute command by.newnet.command.impl.ShowAccountCommand@3d746833
2017-01-31 19:29:02 DEBUG Controller:45 - Starting to execute command by.newnet.command.impl.ShowAccountCommand@3d746833
2017-01-31 19:29:04 DEBUG Controller:45 - Starting to execute command by.newnet.command.impl.ShowAllUsersCommand@772fb878
2017-01-31 19:32:36 DEBUG ConnectionPool:48 - Trying to initialized connection pool
2017-01-31 19:32:37 DEBUG ConnectionPool:58 - Connection pool is initialized
2017-01-31 19:32:43 DEBUG Controller:45 - Starting to execute command by.newnet.command.impl.ShowAccountCommand@682d0c5b
2017-01-31 19:32:44 DEBUG Controller:45 - Starting to execute command by.newnet.command.impl.ShowAllUsersCommand@2bd2a1b2
2017-01-31 19:32:47 DEBUG Controller:45 - Starting to execute command by.newnet.command.impl.ShowAllUsersCommand@2bd2a1b2
2017-01-31 19:32:49 DEBUG Controller:45 - Starting to execute command by.newnet.command.impl.ShowAllUsersCommand@2bd2a1b2
2017-01-31 19:33:19 DEBUG Controller:45 - Starting to execute command by.newnet.command.impl.ShowUserCommand@67ed94f4
2017-01-31 19:36:49 DEBUG Controller:45 - Starting to execute command by.newnet.command.impl.ShowAccountCommand@682d0c5b
2017-01-31 19:36:51 DEBUG Controller:45 - Starting to execute command by.newnet.command.impl.ShowAllUsersCommand@2bd2a1b2
2017-01-31 19:36:53 DEBUG Controller:45 - Starting to execute command by.newnet.command.impl.ShowUserCommand@67ed94f4
2017-01-31 19:38:02 DEBUG Controller:45 - Starting to execute command by.newnet.command.impl.ChangeLocaleCommand@477c38ef
2017-01-31 19:38:02 DEBUG Controller:45 - Starting to execute command by.newnet.command.impl.ShowUserCommand@67ed94f4
2017-01-31 19:38:07 DEBUG Controller:45 - Starting to execute command by.newnet.command.impl.ShowAccountCommand@682d0c5b
2017-01-31 19:39:50 DEBUG ConnectionPool:48 - Trying to initialized connection pool
2017-01-31 19:39:50 DEBUG ConnectionPool:58 - Connection pool is initialized
2017-01-31 19:40:14 DEBUG Controller:45 - Starting to execute command by.newnet.command.impl.AuthenticationCommand@3d246ed
2017-01-31 19:40:14 DEBUG Controller:45 - Starting to execute command by.newnet.command.impl.ShowAccountCommand@7c31f45f
2017-01-31 19:41:11 DEBUG ConnectionPool:48 - Trying to initialized connection pool
2017-01-31 19:41:11 DEBUG ConnectionPool:58 - Connection pool is initialized
2017-01-31 19:43:32 DEBUG ConnectionPool:48 - Trying to initialized connection pool
2017-01-31 19:43:32 DEBUG ConnectionPool:58 - Connection pool is initialized
2017-01-31 19:43:52 DEBUG Controller:45 - Starting to execute command by.newnet.command.impl.AuthenticationCommand@26cc4238
2017-01-31 19:44:07 DEBUG Controller:45 - Starting to execute command by.newnet.command.impl.AuthenticationCommand@26cc4238
2017-01-31 19:44:07 DEBUG Controller:45 - Starting to execute command by.newnet.command.impl.ShowAccountCommand@1923ad70
2017-01-31 19:44:10 DEBUG Controller:45 - Starting to execute command by.newnet.command.impl.ShowAllUsersCommand@54ebb2fd
2017-01-31 19:44:17 DEBUG Controller:45 - Starting to execute command by.newnet.command.impl.ShowAccountCommand@1923ad70
2017-01-31 19:44:19 DEBUG Controller:45 - Starting to execute command by.newnet.command.impl.ShowAllTariffsCommand@59b85d8
2017-01-31 19:47:00 DEBUG ConnectionPool:48 - Trying to initialized connection pool
2017-01-31 19:47:00 DEBUG ConnectionPool:58 - Connection pool is initialized
2017-01-31 19:47:07 DEBUG Controller:45 - Starting to execute command by.newnet.command.impl.ShowAllTariffsCommand@2daeb573
2017-01-31 19:47:19 DEBUG Controller:45 - Starting to execute command by.newnet.command.impl.ChangeLocaleCommand@c693866
2017-01-31 19:47:19 DEBUG Controller:45 - Starting to execute command by.newnet.command.impl.ShowAllTariffsCommand@2daeb573
2017-01-31 19:50:03 DEBUG Controller:45 - Starting to execute command by.newnet.command.impl.ShowAccountCommand@4fa103ba
2017-01-31 19:50:06 DEBUG Controller:45 - Starting to execute command by.newnet.command.impl.ShowAllTariffsCommand@2daeb573
2017-01-31 19:50:10 DEBUG Controller:45 - Starting to execute command by.newnet.command.impl.ShowAllTariffsCommand@2daeb573
2017-01-31 19:50:11 DEBUG Controller:45 - Starting to execute command by.newnet.command.impl.ShowAllTariffsCommand@2daeb573
2017-01-31 19:51:02 DEBUG ConnectionPool:48 - Trying to initialized connection pool
2017-01-31 19:51:02 DEBUG ConnectionPool:58 - Connection pool is initialized
2017-01-31 19:51:13 DEBUG Controller:45 - Starting to execute command by.newnet.command.impl.AuthenticationCommand@4bffbb95
2017-01-31 19:51:13 DEBUG Controller:45 - Starting to execute command by.newnet.command.impl.ShowAccountCommand@34f2a5f7
2017-01-31 19:51:16 DEBUG Controller:45 - Starting to execute command by.newnet.command.impl.ShowAllTariffsCommand@5aa663f5
2017-01-31 19:55:01 DEBUG ConnectionPool:48 - Trying to initialized connection pool
2017-01-31 19:55:01 DEBUG ConnectionPool:58 - Connection pool is initialized
2017-01-31 19:55:04 DEBUG Controller:45 - Starting to execute command by.newnet.command.impl.ShowAccountCommand@6e407d60
2017-01-31 19:55:08 DEBUG Controller:45 - Starting to execute command by.newnet.command.impl.ShowAllUsersCommand@50152595
2017-01-31 19:55:35 DEBUG Controller:45 - Starting to execute command by.newnet.command.impl.ShowAllUsersCommand@50152595
2017-01-31 19:55:39 DEBUG Controller:45 - Starting to execute command by.newnet.command.impl.ShowAllUsersCommand@50152595
2017-01-31 19:58:33 DEBUG ConnectionPool:48 - Trying to initialized connection pool
2017-01-31 19:58:34 DEBUG ConnectionPool:58 - Connection pool is initialized
2017-01-31 19:58:37 DEBUG Controller:45 - Starting to execute command by.newnet.command.impl.ShowAccountCommand@1f424f16
2017-01-31 19:58:38 DEBUG Controller:45 - Starting to execute command by.newnet.command.impl.ShowAllTariffsCommand@43971ddf
2017-01-31 19:58:45 DEBUG Controller:45 - Starting to execute command by.newnet.command.impl.ShowAccountCommand@1f424f16
2017-01-31 19:58:46 DEBUG Controller:45 - Starting to execute command by.newnet.command.impl.ShowAllUsersCommand@194179b3
2017-01-31 19:59:44 DEBUG Controller:45 - Starting to execute command by.newnet.command.impl.ShowAccountCommand@1f424f16
2017-01-31 19:59:46 DEBUG Controller:45 - Starting to execute command by.newnet.command.impl.ShowAllTariffsCommand@43971ddf
2017-01-31 19:59:52 DEBUG Controller:45 - Starting to execute command by.newnet.command.impl.ShowAccountCommand@1f424f16
2017-01-31 19:59:54 DEBUG Controller:45 - Starting to execute command by.newnet.command.impl.ShowAllUsersCommand@194179b3
2017-01-31 19:59:55 DEBUG Controller:45 - Starting to execute command by.newnet.command.impl.ShowAllUsersCommand@194179b3
2017-01-31 20:01:54 DEBUG ConnectionPool:48 - Trying to initialized connection pool
2017-01-31 20:01:54 DEBUG ConnectionPool:58 - Connection pool is initialized
2017-01-31 20:01:59 DEBUG Controller:45 - Starting to execute command by.newnet.command.impl.ShowAccountCommand@7100a32e
2017-01-31 20:02:01 DEBUG Controller:45 - Starting to execute command by.newnet.command.impl.ShowAllTariffsCommand@2f205eea
2017-01-31 20:02:04 DEBUG Controller:45 - Starting to execute command by.newnet.command.impl.ShowAllUsersCommand@3823bb16
2017-01-31 20:02:57 DEBUG Controller:45 - Starting to execute command by.newnet.command.impl.ShowAccountCommand@7100a32e
2017-01-31 20:02:59 DEBUG Controller:45 - Starting to execute command by.newnet.command.impl.ShowAccountCommand@7100a32e
2017-01-31 20:03:00 DEBUG Controller:45 - Starting to execute command by.newnet.command.impl.ShowAllUsersCommand@3823bb16
2017-01-31 20:03:51 DEBUG Controller:45 - Starting to execute command by.newnet.command.impl.LogOutCommand@24abe54c
2017-01-31 20:03:53 DEBUG Controller:45 - Starting to execute command by.newnet.command.impl.ChangeLocaleCommand@307c7a28
2017-01-31 20:03:53 DEBUG Controller:45 - Starting to execute command by.newnet.command.impl.ToIndexCommand@5c86dd5
2017-01-31 20:07:28 DEBUG Controller:45 - Starting to execute command by.newnet.command.impl.CheckAccountCommand@11a8c478
2017-01-31 20:07:35 DEBUG Controller:45 - Starting to execute command by.newnet.command.impl.CheckAccountCommand@11a8c478
2017-01-31 20:08:01 DEBUG Controller:45 - Starting to execute command by.newnet.command.impl.CheckAccountCommand@11a8c478
2017-01-31 20:08:05 DEBUG Controller:45 - Starting to execute command by.newnet.command.impl.CheckAccountCommand@11a8c478
2017-01-31 20:16:15 DEBUG ConnectionPool:48 - Trying to initialized connection pool
2017-01-31 20:16:15 DEBUG ConnectionPool:58 - Connection pool is initialized
2017-01-31 20:16:30 DEBUG ConnectionPool:48 - Trying to initialized connection pool
2017-01-31 20:16:31 DEBUG ConnectionPool:58 - Connection pool is initialized
2017-01-31 20:17:15 DEBUG Controller:45 - Starting to execute command by.newnet.command.impl.CheckAccountCommand@120faf02
2017-01-31 20:21:12 DEBUG ConnectionPool:48 - Trying to initialized connection pool
2017-01-31 20:21:12 DEBUG ConnectionPool:58 - Connection pool is initialized
2017-01-31 20:23:54 DEBUG Controller:45 - Starting to execute command by.newnet.command.impl.CheckAccountCommand@5ae5a3be
2017-01-31 20:23:55 DEBUG Controller:45 - Starting to execute command by.newnet.command.impl.ToRegistrationCommand@77e984b6
2017-01-31 20:24:43 DEBUG Controller:45 - Starting to execute command by.newnet.command.impl.RegistrationCommand@7716ca64
2017-01-31 20:27:06 DEBUG Controller:45 - Starting to execute command by.newnet.command.impl.RegistrationCommand@7716ca64
2017-01-31 20:31:00 DEBUG ConnectionPool:48 - Trying to initialized connection pool
2017-01-31 20:31:00 DEBUG ConnectionPool:58 - Connection pool is initialized
2017-01-31 20:31:17 DEBUG Controller:45 - Starting to execute command by.newnet.command.impl.CheckAccountCommand@e1378f1
2017-01-31 20:31:17 DEBUG Controller:45 - Starting to execute command by.newnet.command.impl.ToRegistrationCommand@12fd95d6
2017-01-31 20:31:37 DEBUG Controller:45 - Starting to execute command by.newnet.command.impl.RegistrationCommand@1b844a1c
2017-01-31 20:32:05 DEBUG Controller:45 - Starting to execute command by.newnet.command.impl.RegistrationCommand@1b844a1c
2017-01-31 20:34:27 DEBUG Controller:45 - Starting to execute command by.newnet.command.impl.RegistrationCommand@1b844a1c
2017-01-31 20:35:27 DEBUG Controller:45 - Starting to execute command by.newnet.command.impl.CheckAccountCommand@e1378f1
2017-01-31 20:35:27 DEBUG Controller:45 - Starting to execute command by.newnet.command.impl.ToRegistrationCommand@12fd95d6
2017-01-31 20:38:22 DEBUG Controller:45 - Starting to execute command by.newnet.command.impl.RegistrationCommand@1b844a1c
